<?xml version="1.0" encoding="UTF-8"?>
<!-- Generated by org.testng.reporters.JUnitReportReporter -->
<testsuite skipped="0" hostname="Ajay" name="usescripts.CommonMethodsUsed" tests="1" failures="0" timestamp="16 Jul 2018 18:30:59 GMT" time="0.017" errors="0">
  <testcase name="Random_Number" time="0.017" classname="usescripts.CommonMethodsUsed"/>
</testsuite> <!-- usescripts.CommonMethodsUsed -->
