<?xml version="1.0" encoding="UTF-8"?>
<!-- Generated by org.testng.reporters.JUnitReportReporter -->
<testsuite skipped="0" hostname="Ajay" name="usescripts.AddCandidateMethod" tests="2" failures="0" timestamp="16 Jul 2018 20:05:04 GMT" time="64.832" errors="0">
  <testcase name="addcandidate" time="52.492" classname="usescripts.AddCandidateMethod"/>
  <testcase name="candidateform" time="12.340" classname="usescripts.AddCandidateMethod"/>
</testsuite> <!-- usescripts.AddCandidateMethod -->
