<?xml version="1.0" encoding="UTF-8"?>
<!-- Generated by org.testng.reporters.JUnitReportReporter -->
<testsuite skipped="0" hostname="Ajay" name="usescripts.AdminloginMethod" tests="1" failures="0" timestamp="16 Jul 2018 17:14:26 GMT" time="18.611" errors="0">
  <testcase name="Adminlogin" time="18.611" classname="usescripts.AdminloginMethod"/>
</testsuite> <!-- usescripts.AdminloginMethod -->
