<?xml version="1.0" encoding="UTF-8"?>
<!-- Generated by org.testng.reporters.JUnitReportReporter -->
<testsuite skipped="0" hostname="Ajay" name="usescripts.Dummyclass" tests="1" failures="0" timestamp="17 Jul 2018 19:20:12 GMT" time="63.624" errors="0">
  <testcase name="job" time="63.624" classname="usescripts.Dummyclass"/>
</testsuite> <!-- usescripts.Dummyclass -->
